:: Synchronizing package databases...
 core downloading...
 extra downloading...
:: [1mSearching AUR for updates...[0m
:: [1mSearching databases for updates...[0m
 there is nothing to do
:: [1mThere are 2 providers available for cargo:
:: [1mRepository extra
    [0m1) rust 2) rustup [0m

Enter a number (default=1): 

AUR Explicit (1): swww-0.8.1-0
Sync Make Dependency (1): rust-1:1.72.0-1
:: [1m(1/1) Downloaded PKGBUILD: swww[0m
  1 swww                                     (Build Files Exist)
==> Packages to cleanBuild?
==> [N]one [A]ll [Ab]ort [I]nstalled [No]tInstalled or (1 2 3, 1-3, ^4)
==> 
  1 swww                                     (Build Files Exist)
==> Diffs to show?
==> [N]one [A]ll [Ab]ort [I]nstalled [No]tInstalled or (1 2 3, 1-3, ^4)
==> 
==> Making package: swww 0.8.1-0 (Sun Sep 17 23:27:14 2023)
==> Retrieving sources...
  -> Downloading swww-0.8.1.tar.gz...
  % Total    % Received % Xferd  Average Speed   Time    Time     Time  Current
                                 Dload  Upload   Total   Spent    Left  Speed
  0     0    0     0    0     0      0      0 --:--:-- --:--:-- --:--:--     0  0     0    0     0    0     0      0      0 --:--:-- --:--:-- --:--:--     0
  0     0    0     0    0     0      0      0 --:--:-- --:--:-- --:--:--     0  0     0    0     0    0     0      0      0 --:--:--  0:00:01 --:--:--     0  0     0    0     0    0     0      0      0 --:--:--  0:00:02 --:--:--     0  0     0    0     0    0     0      0      0 --:--:--  0:00:03 --:--:--     0  0     0    0     0    0     0      0      0 --:--:--  0:00:04 --:--:--     0100 71218  100 71218    0     0  14092      0  0:00:05  0:00:05 --:--:-- 16972
==> WARNING: Skipping verification of source file PGP signatures.
==> Validating source files with sha256sums...
    swww-0.8.1.tar.gz ... Passed
:: [1m(1/1) Parsing SRCINFO: swww[0m
resolving dependencies...
looking for conflicting packages...

Packages (1) rust-1:1.72.0-1

Total Download Size:    86.16 MiB
Total Installed Size:  463.21 MiB

:: Proceed with installation? [Y/n] 
:: Retrieving packages...
 rust-1:1.72.0-1-x86_64 downloading...
checking keyring...
checking package integrity...
loading package files...
checking for file conflicts...
checking available disk space...
:: Processing package changes...
installing rust...
Optional dependencies for rust
    gdb: rust-gdb script
    lldb: rust-lldb script
:: Running post-transaction hooks...
(1/1) Arming ConditionNeedsUpdate...
==> Making package: swww 0.8.1-0 (Sun Sep 17 23:27:31 2023)
==> Checking runtime dependencies...
==> Checking buildtime dependencies...
==> Retrieving sources...
  -> Found swww-0.8.1.tar.gz
==> Validating source files with sha256sums...
    swww-0.8.1.tar.gz ... Passed
==> Removing existing $srcdir/ directory...
==> Extracting sources...
  -> Extracting swww-0.8.1.tar.gz with bsdtar
==> Starting prepare()...
    Updating crates.io index
 Downloading crates ...
  Downloaded doc-comment v0.3.3
  Downloaded termtree v0.4.1
  Downloaded itertools v0.10.5
  Downloaded predicates v3.0.3
  Downloaded sd-notify v0.4.1
  Downloaded radium v0.7.0
  Downloaded crossbeam-deque v0.8.3
  Downloaded assert_cmd v2.0.11
  Downloaded half v1.8.2
  Downloaded proc-macro2 v1.0.64
  Downloaded uuid v1.4.0
  Downloaded time-core v0.1.1
  Downloaded tinytemplate v1.2.1
  Downloaded wayland-protocols-wlr v0.1.0
  Downloaded plotters-svg v0.3.5
  Downloaded lazy_static v1.4.0
  Downloaded cast v0.3.0
  Downloaded jobserver v0.1.26
  Downloaded downcast-rs v1.2.0
  Downloaded terminal_size v0.2.6
  Downloaded clap_lex v0.5.0
  Downloaded wyz v0.5.1
  Downloaded strsim v0.10.0
  Downloaded scoped-tls v1.0.1
  Downloaded wait-timeout v0.2.0
  Downloaded scopeguard v1.1.0
  Downloaded ciborium-io v0.2.1
  Downloaded predicates-core v1.0.6
  Downloaded either v1.8.1
  Downloaded itoa v1.0.8
  Downloaded thiserror-impl v1.0.43
  Downloaded ppv-lite86 v0.2.17
  Downloaded rand_core v0.6.4
  Downloaded simplelog v0.12.1
  Downloaded crc32fast v1.3.2
  Downloaded bit_field v0.10.2
  Downloaded memchr v2.5.0
  Downloaded same-file v1.0.6
  Downloaded wayland-cursor v0.30.0
  Downloaded bytecheck v0.6.11
  Downloaded color_quant v1.1.0
  Downloaded dlib v0.5.2
  Downloaded ptr_meta_derive v0.1.4
  Downloaded num_threads v0.1.6
  Downloaded bytecheck_derive v0.6.11
  Downloaded anstyle-query v1.0.0
  Downloaded fdeflate v0.3.0
  Downloaded ciborium-ll v0.2.1
  Downloaded xcursor v0.3.4
  Downloaded is-terminal v0.4.9
  Downloaded simd-adler32 v0.3.5
  Downloaded futures-sink v0.3.28
  Downloaded rkyv_derive v0.7.42
  Downloaded anstyle v1.0.1
  Downloaded wayland-sys v0.30.1
  Downloaded memoffset v0.9.0
  Downloaded nanorand v0.7.0
  Downloaded anes v0.1.6
  Downloaded tap v1.0.1
  Downloaded memmap2 v0.5.10
  Downloaded rand_chacha v0.3.1
  Downloaded autocfg v1.1.0
  Downloaded heck v0.4.1
  Downloaded thiserror v1.0.43
  Downloaded clap v4.3.11
  Downloaded utf8parse v0.2.1
  Downloaded num_cpus v1.16.0
  Downloaded getrandom v0.2.10
  Downloaded cfg-if v1.0.0
  Downloaded termcolor v1.1.3
  Downloaded rend v0.4.0
  Downloaded time-macros v0.2.10
  Downloaded log v0.4.19
  Downloaded oorandom v11.1.3
  Downloaded bitflags v2.3.3
  Downloaded num-rational v0.4.1
  Downloaded ahash v0.7.6
  Downloaded once_cell v1.18.0
  Downloaded memoffset v0.7.1
  Downloaded wayland-scanner v0.30.1
  Downloaded ciborium v0.2.1
  Downloaded crossbeam-utils v0.8.16
  Downloaded crossbeam-epoch v0.9.15
  Downloaded colorchoice v1.0.0
  Downloaded adler v1.0.2
  Downloaded unicode-ident v1.0.10
  Downloaded half v2.2.1
  Downloaded cc v1.0.79
  Downloaded rayon-core v1.11.0
  Downloaded rand v0.8.5
  Downloaded num-traits v0.2.15
  Downloaded qoi v0.4.1
  Downloaded miniz_oxide v0.7.1
  Downloaded tinyvec_macros v0.1.1
  Downloaded predicates-tree v1.0.9
  Downloaded ptr_meta v0.1.4
  Downloaded png v0.17.9
  Downloaded wayland-backend v0.1.2
  Downloaded mint v0.5.9
  Downloaded serde v1.0.171
  Downloaded lebe v0.5.2
  Downloaded difflib v0.4.0
  Downloaded plotters v0.3.5
  Downloaded rkyv v0.7.42
  Downloaded time v0.3.23
  Downloaded wayland-protocols v0.30.0
  Downloaded nom v7.1.3
  Downloaded libm v0.2.7
  Downloaded quick-xml v0.28.2
  Downloaded clap_builder v4.3.11
  Downloaded version_check v0.9.4
  Downloaded smithay-client-toolkit v0.17.0
  Downloaded futures-core v0.3.28
  Downloaded bitflags v1.3.2
  Downloaded nix v0.26.2
  Downloaded pkg-config v0.3.27
  Downloaded spin v0.9.8
  Downloaded walkdir v2.3.3
  Downloaded funty v2.0.0
  Downloaded regex-syntax v0.7.4
  Downloaded num-integer v0.1.45
  Downloaded pin-project-internal v1.1.2
  Downloaded anstyle-parse v0.2.1
  Downloaded regex-automata v0.3.3
  Downloaded static_assertions v1.1.0
  Downloaded anstream v0.3.2
  Downloaded quote v1.0.29
  Downloaded criterion-plot v0.5.0
  Downloaded libc v0.2.147
  Downloaded plotters-backend v0.3.5
  Downloaded gif v0.12.0
  Downloaded jpeg-decoder v0.3.0
  Downloaded clap_derive v4.3.2
  Downloaded seahash v4.1.0
  Downloaded byteorder v1.4.3
  Downloaded tiff v0.8.1
  Downloaded libloading v0.8.0
  Downloaded ryu v1.0.14
  Downloaded weezl v0.1.7
  Downloaded lock_api v0.4.10
  Downloaded zune-inflate v0.2.54
  Downloaded simdutf8 v0.1.4
  Downloaded io-lifetimes v1.0.11
  Downloaded smallvec v1.11.0
  Downloaded clap_complete v4.3.2
  Downloaded tinyvec v1.6.0
  Downloaded keyframe v1.1.1
  Downloaded bytemuck v1.13.1
  Downloaded serde_derive v1.0.171
  Downloaded pin-project v1.1.2
  Downloaded wayland-client v0.30.2
  Downloaded flate2 v1.0.26
  Downloaded flume v0.10.14
  Downloaded minimal-lexical v0.2.1
  Downloaded crossbeam-channel v0.5.8
  Downloaded criterion v0.5.1
  Downloaded fast_image_resize v2.7.3
  Downloaded hashbrown v0.12.3
  Downloaded serde_json v1.0.102
  Downloaded lzzzz v1.0.4
  Downloaded aho-corasick v1.0.2
  Downloaded rayon v1.7.0
  Downloaded bitvec v1.0.1
  Downloaded regex v1.9.1
  Downloaded syn v2.0.25
  Downloaded exr v1.7.0
  Downloaded syn v1.0.109
  Downloaded image v0.24.6
  Downloaded rustix v0.37.23
  Downloaded rustix v0.38.4
  Downloaded bstr v1.6.0
  Downloaded linux-raw-sys v0.4.3
  Downloaded linux-raw-sys v0.3.8
==> Sources are ready.
==> Making package: swww 0.8.1-0 (Sun Sep 17 23:27:39 2023)
==> Checking runtime dependencies...
==> Checking buildtime dependencies...
==> WARNING: Using existing $srcdir/ tree
==> Starting build()...
   Compiling autocfg v1.1.0
   Compiling libc v0.2.147
   Compiling cfg-if v1.0.0
   Compiling proc-macro2 v1.0.64
   Compiling unicode-ident v1.0.10
   Compiling quote v1.0.29
   Compiling rustix v0.38.4
   Compiling bitflags v1.3.2
   Compiling io-lifetimes v1.0.11
   Compiling scopeguard v1.1.0
   Compiling crossbeam-utils v0.8.16
   Compiling smallvec v1.11.0
   Compiling libm v0.2.7
   Compiling memchr v2.5.0
   Compiling pkg-config v0.3.27
   Compiling libloading v0.8.0
   Compiling bitflags v2.3.3
   Compiling linux-raw-sys v0.4.3
   Compiling syn v1.0.109
   Compiling simd-adler32 v0.3.5
   Compiling log v0.4.19
   Compiling dlib v0.5.2
   Compiling version_check v0.9.4
   Compiling utf8parse v0.2.1
   Compiling static_assertions v1.1.0
   Compiling rayon-core v1.11.0
   Compiling adler v1.0.2
   Compiling anstyle-parse v0.2.1
   Compiling memoffset v0.9.0
   Compiling memoffset v0.7.1
   Compiling crossbeam-epoch v0.9.15
   Compiling num-traits v0.2.15
   Compiling lock_api v0.4.10
   Compiling anstyle v1.0.1
   Compiling crc32fast v1.3.2
   Compiling wayland-sys v0.30.1
   Compiling crossbeam-channel v0.5.8
   Compiling ahash v0.7.6
   Compiling anstyle-query v1.0.0
   Compiling heck v0.4.1
   Compiling quick-xml v0.28.2
   Compiling scoped-tls v1.0.1
   Compiling colorchoice v1.0.0
   Compiling once_cell v1.18.0
   Compiling downcast-rs v1.2.0
   Compiling miniz_oxide v0.7.1
   Compiling syn v2.0.25
   Compiling jobserver v0.1.26
   Compiling crossbeam-deque v0.8.3
   Compiling strsim v0.10.0
   Compiling thiserror v1.0.43
   Compiling cc v1.0.79
   Compiling clap_lex v0.5.0
   Compiling futures-core v0.3.28
   Compiling rustix v0.37.23
   Compiling is-terminal v0.4.9
   Compiling anstream v0.3.2
   Compiling num-integer v0.1.45
   Compiling linux-raw-sys v0.3.8
   Compiling either v1.8.1
   Compiling clap_builder v4.3.11
   Compiling wayland-scanner v0.30.1
   Compiling rkyv v0.7.42
   Compiling minimal-lexical v0.2.1
   Compiling getrandom v0.2.10
   Compiling nix v0.26.2
   Compiling num_cpus v1.16.0
   Compiling nom v7.1.3
   Compiling nanorand v0.7.0
   Compiling spin v0.9.8
   Compiling hashbrown v0.12.3
   Compiling flate2 v1.0.26
   Compiling num-rational v0.4.1
   Compiling seahash v4.1.0
   Compiling wayland-backend v0.1.2
   Compiling lzzzz v1.0.4
   Compiling lazy_static v1.4.0
   Compiling time-core v0.1.1
   Compiling futures-sink v0.3.28
   Compiling weezl v0.1.7
   Compiling rayon v1.7.0
   Compiling time-macros v0.2.10
   Compiling rand_core v0.6.4
   Compiling zune-inflate v0.2.54
   Compiling fdeflate v0.3.0
   Compiling num_threads v0.1.6
   Compiling bit_field v0.10.2
   Compiling half v2.2.1
   Compiling color_quant v1.1.0
   Compiling itoa v1.0.8
   Compiling ppv-lite86 v0.2.17
   Compiling lebe v0.5.2
   Compiling bytemuck v1.13.1
   Compiling terminal_size v0.2.6
   Compiling smithay-client-toolkit v0.17.0
   Compiling gif v0.12.0
   Compiling png v0.17.9
   Compiling qoi v0.4.1
   Compiling rand_chacha v0.3.1
   Compiling memmap2 v0.5.10
   Compiling xcursor v0.3.4
   Compiling mint v0.5.9
   Compiling byteorder v1.4.3
   Compiling termcolor v1.1.3
   Compiling rand v0.8.5
   Compiling keyframe v1.1.1
   Compiling sd-notify v0.4.1
   Compiling time v0.3.23
   Compiling wayland-client v0.30.2
   Compiling jpeg-decoder v0.3.0
   Compiling clap_derive v4.3.2
   Compiling thiserror-impl v1.0.43
   Compiling pin-project-internal v1.1.2
   Compiling ptr_meta_derive v0.1.4
   Compiling rkyv_derive v0.7.42
   Compiling simplelog v0.12.1
   Compiling wayland-protocols v0.30.0
   Compiling wayland-cursor v0.30.0
   Compiling ptr_meta v0.1.4
   Compiling tiff v0.8.1
   Compiling pin-project v1.1.2
   Compiling flume v0.10.14
   Compiling fast_image_resize v2.7.3
   Compiling exr v1.7.0
   Compiling clap v4.3.11
   Compiling clap_complete v4.3.2
   Compiling swww v0.8.1 (/home/pasha/.cache/yay/swww/src/swww-0.8.1)
   Compiling wayland-protocols-wlr v0.1.0
warning: generated shell completion file: "completions/swww.bash"
warning: generated shell completion file: "completions/_swww"
warning: generated shell completion file: "completions/swww.fish"
warning: generated shell completion file: "completions/swww.elv"
   Compiling utils v0.8.1 (/home/pasha/.cache/yay/swww/src/swww-0.8.1/utils)
   Compiling image v0.24.6
   Compiling swww-daemon v0.8.1 (/home/pasha/.cache/yay/swww/src/swww-0.8.1/daemon)
    Finished release [optimized] target(s) in 1m 26s
mkdir: created directory './doc/generated'
generating ./doc/generated/swww-clear.1... ...done!
generating ./doc/generated/swww-daemon.1... ...done!
generating ./doc/generated/swww-img.1... ...done!
generating ./doc/generated/swww-init.1... ...done!
generating ./doc/generated/swww-kill.1... ...done!
generating ./doc/generated/swww-query.1... ...done!
generating ./doc/generated/swww.1... ...done!
==> Entering fakeroot environment...
==> Starting package()...
==> Tidying install...
  -> Removing libtool files...
  -> Purging unwanted files...
  -> Removing static library files...
  -> Stripping unneeded symbols from binaries and libraries...
  -> Compressing man and info pages...
==> Checking for packaging issues...
==> Creating package "swww"...
  -> Generating .PKGINFO file...
  -> Generating .BUILDINFO file...
  -> Generating .MTREE file...
  -> Compressing package...
==> Leaving fakeroot environment.
==> Finished making: swww 0.8.1-0 (Sun Sep 17 23:29:07 2023)
==> Cleaning up...
loading packages...
resolving dependencies...
looking for conflicting packages...

Packages (1) swww-0.8.1-0

Total Installed Size:  4.25 MiB

:: Proceed with installation? [Y/n] 
checking keyring...
checking package integrity...
loading package files...
checking for file conflicts...
checking available disk space...
:: Processing package changes...
installing swww...
:: Running post-transaction hooks...
(1/1) Arming ConditionNeedsUpdate...
Sync Explicit (1): pavucontrol-1:5.0+r64+geba9ca6-1
resolving dependencies...
looking for conflicting packages...

Packages (1) pavucontrol-1:5.0+r64+geba9ca6-1

Total Download Size:   0.18 MiB
Total Installed Size:  1.01 MiB

:: Proceed with installation? [Y/n] 
:: Retrieving packages...
 pavucontrol-1:5.0+r64+geba9ca6-1-x86_64 downloading...
checking keyring...
checking package integrity...
loading package files...
checking for file conflicts...
checking available disk space...
:: Processing package changes...
installing pavucontrol...
Optional dependencies for pavucontrol
    pulseaudio: Audio backend [installed]
:: Running post-transaction hooks...
(1/2) Arming ConditionNeedsUpdate...
(2/2) Updating the desktop file MIME type cache...
Sync Explicit (1): blueman-2.3.5-2
resolving dependencies...
looking for conflicting packages...

Packages (3) python-cairo-1.24.0-1  python-gobject-3.46.0-1  blueman-2.3.5-2

Total Download Size:   1.78 MiB
Total Installed Size:  6.91 MiB

:: Proceed with installation? [Y/n] 
:: Retrieving packages...
 blueman-2.3.5-2-x86_64 downloading...
 python-gobject-3.46.0-1-x86_64 downloading...
 python-cairo-1.24.0-1-x86_64 downloading...
checking keyring...
checking package integrity...
loading package files...
checking for file conflicts...
checking available disk space...
:: Processing package changes...
installing python-cairo...
installing python-gobject...
Optional dependencies for python-gobject
    cairo: Cairo bindings [installed]
installing blueman...
Optional dependencies for blueman
    dnsmasq: Network Access Point (NAP) support
    iproute2: Network Access Point (NAP) support [installed]
    networkmanager: Dial Up Networking (DUN) and Personal Area Networking (PAN) support [installed]
    pulseaudio-bluetooth: audio devices support [installed]
:: Running post-transaction hooks...
(1/6) Reloading system manager configuration...
(2/6) Arming ConditionNeedsUpdate...
(3/6) Reloading system bus configuration...
(4/6) Compiling GSettings XML schema files...
(5/6) Updating icon theme caches...
(6/6) Updating the desktop file MIME type cache...
Sync Explicit (1): network-manager-applet-1.32.0-3
resolving dependencies...
looking for conflicting packages...

Packages (5) gcr-4-4.1.0-1  libnma-1.10.6-2  libnma-common-1.10.6-2  nm-connection-editor-1.32.0-3  network-manager-applet-1.32.0-3

Total Download Size:   1.77 MiB
Total Installed Size:  9.51 MiB

:: Proceed with installation? [Y/n] 
:: Retrieving packages...
 nm-connection-editor-1.32.0-3-x86_64 downloading...
 gcr-4-4.1.0-1-x86_64 downloading...
 libnma-common-1.10.6-2-x86_64 downloading...
 network-manager-applet-1.32.0-3-x86_64 downloading...
 libnma-1.10.6-2-x86_64 downloading...
checking keyring...
checking package integrity...
loading package files...
checking for file conflicts...
checking available disk space...
:: Processing package changes...
installing gcr-4...
Created symlink /etc/systemd/user/sockets.target.wants/gcr-ssh-agent.socket → /usr/lib/systemd/user/gcr-ssh-agent.socket.
Optional dependencies for gcr-4
    gtk4: gcr-viewer-gtk4
installing libnma-common...
installing libnma...
installing nm-connection-editor...
installing network-manager-applet...
:: Running post-transaction hooks...
(1/4) Arming ConditionNeedsUpdate...
(2/4) Compiling GSettings XML schema files...
(3/4) Updating icon theme caches...
(4/4) Updating the desktop file MIME type cache...
Sync Explicit (1): thunar-archive-plugin-0.5.1-1
resolving dependencies...
looking for conflicting packages...

Packages (1) thunar-archive-plugin-0.5.1-1

Total Download Size:   0.04 MiB
Total Installed Size:  0.17 MiB

:: Proceed with installation? [Y/n] 
:: Retrieving packages...
 thunar-archive-plugin-0.5.1-1-x86_64 downloading...
checking keyring...
checking package integrity...
loading package files...
checking for file conflicts...
checking available disk space...
:: Processing package changes...
installing thunar-archive-plugin...
Optional dependencies for thunar-archive-plugin
    file-roller
    engrampa
    ark
    xarchiver
:: Running post-transaction hooks...
(1/2) Arming ConditionNeedsUpdate...
(2/2) Updating icon theme caches...
Sync Explicit (1): file-roller-43.0-2
resolving dependencies...
looking for conflicting packages...

Packages (6) libhandy-1.8.2-1  libportal-0.7-1  libportal-gtk3-0.7-1  unzip-6.0-19  zip-3.0-10  file-roller-43.0-2

Total Download Size:   1.62 MiB
Total Installed Size:  7.90 MiB

:: Proceed with installation? [Y/n] 
:: Retrieving packages...
 file-roller-43.0-2-x86_64 downloading...
 libhandy-1.8.2-1-x86_64 downloading...
 zip-3.0-10-x86_64 downloading...
 unzip-6.0-19-x86_64 downloading...
 libportal-0.7-1-x86_64 downloading...
 libportal-gtk3-0.7-1-x86_64 downloading...
checking keyring...
checking package integrity...
loading package files...
checking for file conflicts...
checking available disk space...
:: Processing package changes...
installing libhandy...
installing libportal...
installing libportal-gtk3...
installing unzip...
installing zip...
installing file-roller...
Optional dependencies for file-roller
    lrzip: lrzip archive support
    p7zip: 7z, arj, exe and encrypted zip files support
    squashfs-tools: squashfs image support
    unace: ACE archive support
    unrar: better RAR archive support
:: Running post-transaction hooks...
(1/4) Arming ConditionNeedsUpdate...
(2/4) Compiling GSettings XML schema files...
(3/4) Updating icon theme caches...
(4/4) Updating the desktop file MIME type cache...
Sync Explicit (1): btop-1.2.13-1
resolving dependencies...
looking for conflicting packages...

Packages (1) btop-1.2.13-1

Total Download Size:   0.47 MiB
Total Installed Size:  1.32 MiB

:: Proceed with installation? [Y/n] 
:: Retrieving packages...
 btop-1.2.13-1-x86_64 downloading...
checking keyring...
checking package integrity...
loading package files...
checking for file conflicts...
checking available disk space...
:: Processing package changes...
installing btop...
:: Running post-transaction hooks...
(1/3) Arming ConditionNeedsUpdate...
(2/3) Updating icon theme caches...
(3/3) Updating the desktop file MIME type cache...
Sync Explicit (1): pacman-contrib-1.9.1-1
resolving dependencies...
looking for conflicting packages...

Packages (1) pacman-contrib-1.9.1-1

Total Download Size:   0.05 MiB
Total Installed Size:  0.12 MiB

:: Proceed with installation? [Y/n] 
:: Retrieving packages...
 pacman-contrib-1.9.1-1-x86_64 downloading...
checking keyring...
checking package integrity...
loading package files...
checking for file conflicts...
checking available disk space...
:: Processing package changes...
installing pacman-contrib...
Optional dependencies for pacman-contrib
    diffutils: for pacdiff [installed]
    findutils: for pacdiff --find [installed]
    mlocate: for pacdiff --locate
    sudo: privilege elevation for several scripts [installed]
    vim: default merge program for pacdiff [installed]
:: Running post-transaction hooks...
(1/2) Reloading system manager configuration...
(2/2) Arming ConditionNeedsUpdate...
AUR Explicit (1): sddm-git-0.19.0.170.g3e48649-1
Sync Make Dependency (3): extra-cmake-modules-5.110.0-1, python-docutils-1:0.20.1-1, qt5-tools-5.15.10+kde+r3-2
Sync Dependency (3): xorg-xauth-1.1.2-1, xorg-server-21.1.8-2, qt5-declarative-5.15.10+kde+r31-1
:: [1m(1/1) Downloaded PKGBUILD: sddm-git[0m
  1 sddm-git                                 (Build Files Exist)
==> Packages to cleanBuild?
==> [N]one [A]ll [Ab]ort [I]nstalled [No]tInstalled or (1 2 3, 1-3, ^4)
==> 
  1 sddm-git                                 (Build Files Exist)
==> Diffs to show?
==> [N]one [A]ll [Ab]ort [I]nstalled [No]tInstalled or (1 2 3, 1-3, ^4)
==> 
==> Making package: sddm-git 0.19.0.170.g3e48649-1 (Sun Sep 17 23:29:18 2023)
==> Retrieving sources...
  -> Cloning sddm git repo...
Cloning into bare repository '/home/pasha/.cache/yay/sddm-git/sddm'...
  -> Found sddm.sysusers
  -> Found sddm.tmpfiles
==> WARNING: Skipping verification of source file PGP signatures.
==> Validating source files with sha256sums...
    sddm ... Skipped
    sddm.sysusers ... Passed
    sddm.tmpfiles ... Passed
:: [1m(1/1) Parsing SRCINFO: sddm-git[0m
resolving dependencies...
looking for conflicting packages...

Packages (13) cmake-3.27.5-1  cppdap-1.58.0-1  libuv-1.46.0-1  qt5-base-5.15.10+kde+r155-1  qt5-translations-5.15.10-1  rhash-1.4.3-1  xf86-input-libinput-1.4.0-1  extra-cmake-modules-5.110.0-1  python-docutils-1:0.20.1-1  qt5-declarative-5.15.10+kde+r31-1  qt5-tools-5.15.10+kde+r3-2  xorg-server-21.1.8-2  xorg-xauth-1.1.2-1

Total Download Size:    39.88 MiB
Total Installed Size:  202.23 MiB

:: Proceed with installation? [Y/n] 
:: Retrieving packages...
 qt5-base-5.15.10+kde+r155-1-x86_64 downloading...
 cmake-3.27.5-1-x86_64 downloading...
 qt5-tools-5.15.10+kde+r3-2-x86_64 downloading...
 qt5-declarative-5.15.10+kde+r31-1-x86_64 downloading...
 qt5-translations-5.15.10-1-any downloading...
 xorg-server-21.1.8-2-x86_64 downloading...
 python-docutils-1:0.20.1-1-any downloading...
 extra-cmake-modules-5.110.0-1-any downloading...
 cppdap-1.58.0-1-x86_64 downloading...
 libuv-1.46.0-1-x86_64 downloading...
 rhash-1.4.3-1-x86_64 downloading...
 xf86-input-libinput-1.4.0-1-x86_64 downloading...
 xorg-xauth-1.1.2-1-x86_64 downloading...
checking keyring...
checking package integrity...
loading package files...
checking for file conflicts...
checking available disk space...
:: Processing package changes...
installing xf86-input-libinput...
installing xorg-server...
>>> xorg-server has now the ability to run without root rights with
    the help of systemd-logind. xserver will fail to run if not launched
    from the same virtual terminal as was used to log in.
    Without root rights, log files will be in ~/.local/share/xorg/ directory.

    Old behavior can be restored through Xorg.wrap config file.
    See Xorg.wrap man page (man xorg.wrap).
installing qt5-translations...
installing qt5-base...
Optional dependencies for qt5-base
    qt5-svg: to use SVG icon themes
    qt5-wayland: to run Qt applications in a Wayland session
    postgresql-libs: PostgreSQL driver
    mariadb-libs: MariaDB driver
    unixodbc: ODBC driver
    libfbclient: Firebird/iBase driver
    freetds: MS SQL driver
    gtk3: GTK platform plugin [installed]
    perl: for fixqt4headers and syncqt [installed]
installing qt5-declarative...
installing python-docutils...
installing qt5-tools...
Optional dependencies for qt5-tools
    clang: for qdoc
installing libuv...
installing rhash...
installing cppdap...
installing cmake...
Optional dependencies for cmake
    make: for unix Makefile generator [installed]
    ninja: for ninja generator [installed]
    qt6-base: cmake-gui [installed]
installing extra-cmake-modules...
Optional dependencies for extra-cmake-modules
    python-pyxdg: to generate fastlane metadata for Android apps
    python-requests: to generate fastlane metadata for Android apps [installed]
    python-yaml: to generate fastlane metadata for Android apps
installing xorg-xauth...
:: Running post-transaction hooks...
(1/4) Arming ConditionNeedsUpdate...
(2/4) Updating the MIME type database...
(3/4) Updating icon theme caches...
(4/4) Updating the desktop file MIME type cache...
==> Making package: sddm-git 0.19.0.170.g3e48649-1 (Sun Sep 17 23:29:28 2023)
==> Checking runtime dependencies...
==> Checking buildtime dependencies...
==> Retrieving sources...
  -> Updating sddm git repo...
  -> Found sddm.sysusers
  -> Found sddm.tmpfiles
==> Validating source files with sha256sums...
    sddm ... Skipped
    sddm.sysusers ... Passed
    sddm.tmpfiles ... Passed
==> Removing existing $srcdir/ directory...
==> Extracting sources...
  -> Creating working copy of sddm git repo...
Cloning into 'sddm'...
done.
Switched to a new branch 'makepkg'
==> Starting pkgver()...
==> Updated version: sddm-git 0.20.0.12.g93429ff-1
==> Sources are ready.
==> Making package: sddm-git 0.20.0.12.g93429ff-1 (Sun Sep 17 23:29:30 2023)
==> Checking runtime dependencies...
==> Checking buildtime dependencies...
==> WARNING: Using existing $srcdir/ tree
==> Starting pkgver()...
==> Starting build()...
CMake Deprecation Warning at CMakeLists.txt:1 (cmake_minimum_required):
  Compatibility with CMake < 3.5 will be removed from a future version of
  CMake.

  Update the VERSION argument <min> value or use a ...<max> suffix to tell
  CMake that the project does not need compatibility with older versions.


-- The C compiler identification is GNU 13.2.1
-- The CXX compiler identification is GNU 13.2.1
-- Detecting C compiler ABI info
-- Detecting C compiler ABI info - done
-- Check for working C compiler: /usr/bin/cc - skipped
-- Detecting C compile features
-- Detecting C compile features - done
-- Detecting CXX compiler ABI info
-- Detecting CXX compiler ABI info - done
-- Check for working CXX compiler: /usr/bin/c++ - skipped
-- Detecting CXX compile features
-- Detecting CXX compile features - done
-- Release build
-- Found PkgConfig: /usr/bin/pkg-config (found version "1.8.1") 
-- Performing Test PAM_MESSAGE_CONST
-- Performing Test PAM_MESSAGE_CONST - Success
-- Found PAM: /usr/lib/libpam.so;/usr/lib/libdl.a
-- Checking for module 'xau'
--   Found xau, version 1.0.11
-- Checking for module 'xcb'
--   Found xcb, version 1.16
-- Found XCB: /usr/lib/libxcb.so  
-- Checking for module 'xcb-xkb'
--   Found xcb-xkb, version 1.16
-- Found XKB: /usr/lib/libxcb-xkb.so  
-- Building Qt 5 version
-- Checking for module 'systemd'
--   Found systemd, version 254
-- Checking for module 'libsystemd'
--   Found libsystemd, version 254
-- Autodetected UID_MIN=1000 from /etc/login.defs
-- The following features have been enabled:

 * systemd, systemd support
 * journald, journald support

-- The following OPTIONAL packages have been found:

 * PkgConfig

-- The following REQUIRED packages have been found:

 * PAM
 * XCB
 * XKB
 * Qt5Core
 * Qt5DBus
 * Qt5Gui
 * Qt5Network (required version >= 5.15.10)
 * Qt5Qml
 * Qt5QmlModels (required version >= 5.15.10)
 * Qt5Quick
 * Qt5LinguistTools
 * Qt5Test
 * Qt5Widgets (required version >= 5.15.10)
 * Qt5QuickTest
 * Qt5 (required version >= 5.15.0)

-- The following features have been disabled:

 * elogind, elogind support

-- Configuring done (0.7s)
-- Generating done (0.0s)
-- Build files have been written to: /home/pasha/.cache/yay/sddm-git/src/build
[  0%] Generating sddm.1
[  0%] Built target man_sddm.rst
[  0%] Generating sddm-greeter.1
[  0%] Built target man_sddm-greeter.rst
[  1%] Generating sddm.conf.5
[  1%] Built target man_sddm.conf.rst
[  2%] Generating sddm-state.conf.5
[  2%] Built target man_sddm-state.conf.rst
[  3%] Automatic MOC for target sddm
[  3%] Built target sddm_autogen
[  4%] Generating sessionadaptor.cpp, sessionadaptor.h
[  4%] Generating sessionadaptor.moc
[  4%] Generating Login1Manager.cpp, Login1Manager.h
[  5%] Generating Login1Manager.moc
[  5%] Generating Login1Seat.cpp, Login1Seat.h
[  6%] Generating Login1Seat.moc
[  7%] Generating Login1Session.cpp, Login1Session.h
[  8%] Generating Login1Session.moc
[  9%] Generating displaymanageradaptor.cpp, displaymanageradaptor.h
[ 10%] Generating displaymanageradaptor.moc
[ 11%] Generating seatadaptor.cpp, seatadaptor.h
[ 11%] Generating seatadaptor.moc
[ 11%] Building CXX object src/daemon/CMakeFiles/sddm.dir/sddm_autogen/mocs_compilation.cpp.o
[ 12%] Building CXX object src/daemon/CMakeFiles/sddm.dir/__/common/Configuration.cpp.o
[ 12%] Building CXX object src/daemon/CMakeFiles/sddm.dir/__/common/SafeDataStream.cpp.o
[ 13%] Building CXX object src/daemon/CMakeFiles/sddm.dir/__/common/ConfigReader.cpp.o
[ 14%] Building CXX object src/daemon/CMakeFiles/sddm.dir/__/common/ThemeConfig.cpp.o
[ 14%] Building CXX object src/daemon/CMakeFiles/sddm.dir/__/common/ThemeMetadata.cpp.o
[ 15%] Building CXX object src/daemon/CMakeFiles/sddm.dir/__/common/Session.cpp.o
[ 15%] Building CXX object src/daemon/CMakeFiles/sddm.dir/__/common/SocketWriter.cpp.o
[ 16%] Building CXX object src/daemon/CMakeFiles/sddm.dir/__/common/XAuth.cpp.o
[ 17%] Building CXX object src/daemon/CMakeFiles/sddm.dir/__/common/SignalHandler.cpp.o
[ 17%] Building CXX object src/daemon/CMakeFiles/sddm.dir/__/auth/Auth.cpp.o
[ 18%] Building CXX object src/daemon/CMakeFiles/sddm.dir/__/auth/AuthPrompt.cpp.o
[ 18%] Building CXX object src/daemon/CMakeFiles/sddm.dir/__/auth/AuthRequest.cpp.o
[ 19%] Building CXX object src/daemon/CMakeFiles/sddm.dir/DaemonApp.cpp.o
[ 20%] Building CXX object src/daemon/CMakeFiles/sddm.dir/Display.cpp.o
[ 20%] Building CXX object src/daemon/CMakeFiles/sddm.dir/DisplayManager.cpp.o
[ 21%] Building CXX object src/daemon/CMakeFiles/sddm.dir/DisplayServer.cpp.o
[ 21%] Building CXX object src/daemon/CMakeFiles/sddm.dir/LogindDBusTypes.cpp.o
[ 22%] Building CXX object src/daemon/CMakeFiles/sddm.dir/Greeter.cpp.o
[ 23%] Building CXX object src/daemon/CMakeFiles/sddm.dir/PowerManager.cpp.o
[ 23%] Building CXX object src/daemon/CMakeFiles/sddm.dir/Seat.cpp.o
[ 24%] Building CXX object src/daemon/CMakeFiles/sddm.dir/SeatManager.cpp.o
[ 25%] Building CXX object src/daemon/CMakeFiles/sddm.dir/SocketServer.cpp.o
[ 25%] Building CXX object src/daemon/CMakeFiles/sddm.dir/XorgDisplayServer.cpp.o
[ 26%] Building CXX object src/daemon/CMakeFiles/sddm.dir/XorgUserDisplayServer.cpp.o
[ 26%] Building CXX object src/daemon/CMakeFiles/sddm.dir/WaylandDisplayServer.cpp.o
[ 27%] Building CXX object src/daemon/CMakeFiles/sddm.dir/__/common/VirtualTerminal.cpp.o
[ 28%] Building CXX object src/daemon/CMakeFiles/sddm.dir/displaymanageradaptor.cpp.o
[ 28%] Building CXX object src/daemon/CMakeFiles/sddm.dir/seatadaptor.cpp.o
[ 29%] Building CXX object src/daemon/CMakeFiles/sddm.dir/sessionadaptor.cpp.o
[ 29%] Building CXX object src/daemon/CMakeFiles/sddm.dir/Login1Manager.cpp.o
[ 30%] Building CXX object src/daemon/CMakeFiles/sddm.dir/Login1Seat.cpp.o
[ 31%] Building CXX object src/daemon/CMakeFiles/sddm.dir/Login1Session.cpp.o
[ 31%] Linking CXX executable sddm
[ 31%] Built target sddm
[ 31%] Generating ar.qm
Updating '/home/pasha/.cache/yay/sddm-git/src/build/data/translations/ar.qm'...
    Generated 13 translation(s) (13 finished and 0 unfinished)
    Ignored 2 untranslated source text(s)
[ 32%] Generating bn.qm
Updating '/home/pasha/.cache/yay/sddm-git/src/build/data/translations/bn.qm'...
    Generated 15 translation(s) (15 finished and 0 unfinished)
[ 33%] Generating ca.qm
Updating '/home/pasha/.cache/yay/sddm-git/src/build/data/translations/ca.qm'...
    Generated 15 translation(s) (15 finished and 0 unfinished)
[ 33%] Generating cs.qm
Updating '/home/pasha/.cache/yay/sddm-git/src/build/data/translations/cs.qm'...
    Generated 13 translation(s) (13 finished and 0 unfinished)
    Ignored 2 untranslated source text(s)
[ 34%] Generating da.qm
Updating '/home/pasha/.cache/yay/sddm-git/src/build/data/translations/da.qm'...
    Generated 26 translation(s) (26 finished and 0 unfinished)
[ 34%] Generating de.qm
Updating '/home/pasha/.cache/yay/sddm-git/src/build/data/translations/de.qm'...
    Generated 26 translation(s) (26 finished and 0 unfinished)
[ 35%] Generating es.qm
Updating '/home/pasha/.cache/yay/sddm-git/src/build/data/translations/es.qm'...
    Generated 13 translation(s) (13 finished and 0 unfinished)
    Ignored 2 untranslated source text(s)
[ 36%] Generating et.qm
Updating '/home/pasha/.cache/yay/sddm-git/src/build/data/translations/et.qm'...
    Generated 15 translation(s) (15 finished and 0 unfinished)
[ 36%] Generating eu.qm
Updating '/home/pasha/.cache/yay/sddm-git/src/build/data/translations/eu.qm'...
    Generated 15 translation(s) (15 finished and 0 unfinished)
[ 37%] Generating fi.qm
Updating '/home/pasha/.cache/yay/sddm-git/src/build/data/translations/fi.qm'...
    Generated 13 translation(s) (13 finished and 0 unfinished)
    Ignored 2 untranslated source text(s)
[ 37%] Generating fr.qm
Updating '/home/pasha/.cache/yay/sddm-git/src/build/data/translations/fr.qm'...
    Generated 26 translation(s) (26 finished and 0 unfinished)
[ 38%] Generating gl.qm
Updating '/home/pasha/.cache/yay/sddm-git/src/build/data/translations/gl.qm'...
    Generated 15 translation(s) (15 finished and 0 unfinished)
[ 38%] Generating hi_IN.qm
Updating '/home/pasha/.cache/yay/sddm-git/src/build/data/translations/hi_IN.qm'...
    Generated 13 translation(s) (13 finished and 0 unfinished)
    Ignored 2 untranslated source text(s)
[ 39%] Generating he.qm
Updating '/home/pasha/.cache/yay/sddm-git/src/build/data/translations/he.qm'...
    Generated 15 translation(s) (15 finished and 0 unfinished)
[ 40%] Generating hu.qm
Updating '/home/pasha/.cache/yay/sddm-git/src/build/data/translations/hu.qm'...
    Generated 13 translation(s) (13 finished and 0 unfinished)
    Ignored 2 untranslated source text(s)
[ 41%] Generating ie.qm
Updating '/home/pasha/.cache/yay/sddm-git/src/build/data/translations/ie.qm'...
    Generated 17 translation(s) (17 finished and 0 unfinished)
[ 41%] Generating is.qm
Updating '/home/pasha/.cache/yay/sddm-git/src/build/data/translations/is.qm'...
    Generated 15 translation(s) (15 finished and 0 unfinished)
[ 42%] Generating it.qm
Updating '/home/pasha/.cache/yay/sddm-git/src/build/data/translations/it.qm'...
    Generated 13 translation(s) (13 finished and 0 unfinished)
    Ignored 2 untranslated source text(s)
[ 42%] Generating ja.qm
Updating '/home/pasha/.cache/yay/sddm-git/src/build/data/translations/ja.qm'...
    Generated 13 translation(s) (13 finished and 0 unfinished)
    Ignored 2 untranslated source text(s)
[ 43%] Generating ka.qm
Updating '/home/pasha/.cache/yay/sddm-git/src/build/data/translations/ka.qm'...
    Generated 26 translation(s) (26 finished and 0 unfinished)
[ 44%] Generating kk.qm
Updating '/home/pasha/.cache/yay/sddm-git/src/build/data/translations/kk.qm'...
    Generated 13 translation(s) (13 finished and 0 unfinished)
    Ignored 2 untranslated source text(s)
[ 44%] Generating ko.qm
Updating '/home/pasha/.cache/yay/sddm-git/src/build/data/translations/ko.qm'...
    Generated 27 translation(s) (27 finished and 0 unfinished)
[ 45%] Generating lt.qm
Updating '/home/pasha/.cache/yay/sddm-git/src/build/data/translations/lt.qm'...
    Generated 26 translation(s) (26 finished and 0 unfinished)
[ 45%] Generating lv.qm
Updating '/home/pasha/.cache/yay/sddm-git/src/build/data/translations/lv.qm'...
    Generated 13 translation(s) (13 finished and 0 unfinished)
    Ignored 2 untranslated source text(s)
[ 46%] Generating nb.qm
Updating '/home/pasha/.cache/yay/sddm-git/src/build/data/translations/nb.qm'...
    Generated 26 translation(s) (26 finished and 0 unfinished)
[ 47%] Generating nl.qm
Updating '/home/pasha/.cache/yay/sddm-git/src/build/data/translations/nl.qm'...
    Generated 13 translation(s) (13 finished and 0 unfinished)
    Ignored 2 untranslated source text(s)
[ 47%] Generating nn.qm
Warning: dropping duplicate messages in '/home/pasha/.cache/yay/sddm-git/src/build/data/translations/nn.qm':

* Context: TextConstants
* Source: Enter your username

* Context: TextConstants
* Source: Enter your password

* Context: TextConstants
* Source: Select your user and enter password

Updating '/home/pasha/.cache/yay/sddm-git/src/build/data/translations/nn.qm'...
    Generated 23 translation(s) (23 finished and 0 unfinished)
[ 48%] Generating oc.qm
Updating '/home/pasha/.cache/yay/sddm-git/src/build/data/translations/oc.qm'...
    Generated 15 translation(s) (15 finished and 0 unfinished)
[ 48%] Generating pl.qm
Updating '/home/pasha/.cache/yay/sddm-git/src/build/data/translations/pl.qm'...
    Generated 19 translation(s) (19 finished and 0 unfinished)
[ 49%] Generating pt_BR.qm
Updating '/home/pasha/.cache/yay/sddm-git/src/build/data/translations/pt_BR.qm'...
    Generated 13 translation(s) (13 finished and 0 unfinished)
    Ignored 2 untranslated source text(s)
[ 50%] Generating pt_PT.qm
Updating '/home/pasha/.cache/yay/sddm-git/src/build/data/translations/pt_PT.qm'...
    Generated 13 translation(s) (13 finished and 0 unfinished)
    Ignored 2 untranslated source text(s)
[ 50%] Generating ro.qm
Updating '/home/pasha/.cache/yay/sddm-git/src/build/data/translations/ro.qm'...
    Generated 13 translation(s) (13 finished and 0 unfinished)
    Ignored 2 untranslated source text(s)
[ 51%] Generating ru.qm
Updating '/home/pasha/.cache/yay/sddm-git/src/build/data/translations/ru.qm'...
    Generated 26 translation(s) (26 finished and 0 unfinished)
[ 51%] Generating sk.qm
Updating '/home/pasha/.cache/yay/sddm-git/src/build/data/translations/sk.qm'...
    Generated 13 translation(s) (13 finished and 0 unfinished)
    Ignored 2 untranslated source text(s)
[ 52%] Generating sr.qm
Updating '/home/pasha/.cache/yay/sddm-git/src/build/data/translations/sr.qm'...
    Generated 13 translation(s) (13 finished and 0 unfinished)
    Ignored 2 untranslated source text(s)
[ 53%] Generating sr@ijekavian.qm
Updating '/home/pasha/.cache/yay/sddm-git/src/build/data/translations/sr@ijekavian.qm'...
    Generated 13 translation(s) (13 finished and 0 unfinished)
    Ignored 2 untranslated source text(s)
[ 53%] Generating sr@ijekavianlatin.qm
Updating '/home/pasha/.cache/yay/sddm-git/src/build/data/translations/sr@ijekavianlatin.qm'...
    Generated 13 translation(s) (13 finished and 0 unfinished)
    Ignored 2 untranslated source text(s)
[ 54%] Generating sr@latin.qm
Updating '/home/pasha/.cache/yay/sddm-git/src/build/data/translations/sr@latin.qm'...
    Generated 13 translation(s) (13 finished and 0 unfinished)
    Ignored 2 untranslated source text(s)
[ 54%] Generating sv.qm
Updating '/home/pasha/.cache/yay/sddm-git/src/build/data/translations/sv.qm'...
    Generated 26 translation(s) (26 finished and 0 unfinished)
[ 55%] Generating tr.qm
Updating '/home/pasha/.cache/yay/sddm-git/src/build/data/translations/tr.qm'...
    Generated 15 translation(s) (15 finished and 0 unfinished)
[ 56%] Generating uk.qm
Updating '/home/pasha/.cache/yay/sddm-git/src/build/data/translations/uk.qm'...
    Generated 13 translation(s) (13 finished and 0 unfinished)
[ 56%] Generating zh_CN.qm
Updating '/home/pasha/.cache/yay/sddm-git/src/build/data/translations/zh_CN.qm'...
    Generated 27 translation(s) (27 finished and 0 unfinished)
[ 57%] Generating zh_TW.qm
Updating '/home/pasha/.cache/yay/sddm-git/src/build/data/translations/zh_TW.qm'...
    Generated 27 translation(s) (27 finished and 0 unfinished)
[ 57%] Built target components-translation
[ 57%] Built target themes-translation
[ 58%] Automatic MOC for target sddm-greeter
[ 58%] Built target sddm-greeter_autogen
[ 59%] Generating qrc_theme.cpp
[ 59%] Building CXX object src/greeter/CMakeFiles/sddm-greeter.dir/sddm-greeter_autogen/mocs_compilation.cpp.o
[ 60%] Building CXX object src/greeter/CMakeFiles/sddm-greeter.dir/__/common/Configuration.cpp.o
[ 61%] Building CXX object src/greeter/CMakeFiles/sddm-greeter.dir/__/common/ConfigReader.cpp.o
[ 61%] Building CXX object src/greeter/CMakeFiles/sddm-greeter.dir/__/common/Session.cpp.o
[ 62%] Building CXX object src/greeter/CMakeFiles/sddm-greeter.dir/__/common/SignalHandler.cpp.o
[ 62%] Building CXX object src/greeter/CMakeFiles/sddm-greeter.dir/__/common/SocketWriter.cpp.o
[ 63%] Building CXX object src/greeter/CMakeFiles/sddm-greeter.dir/__/common/ThemeConfig.cpp.o
[ 64%] Building CXX object src/greeter/CMakeFiles/sddm-greeter.dir/__/common/ThemeMetadata.cpp.o
[ 64%] Building CXX object src/greeter/CMakeFiles/sddm-greeter.dir/GreeterApp.cpp.o
[ 65%] Building CXX object src/greeter/CMakeFiles/sddm-greeter.dir/GreeterProxy.cpp.o
[ 65%] Building CXX object src/greeter/CMakeFiles/sddm-greeter.dir/KeyboardLayout.cpp.o
[ 66%] Building CXX object src/greeter/CMakeFiles/sddm-greeter.dir/KeyboardModel.cpp.o
[ 67%] Building CXX object src/greeter/CMakeFiles/sddm-greeter.dir/ScreenModel.cpp.o
[ 67%] Building CXX object src/greeter/CMakeFiles/sddm-greeter.dir/SessionModel.cpp.o
[ 68%] Building CXX object src/greeter/CMakeFiles/sddm-greeter.dir/UserModel.cpp.o
[ 68%] Building CXX object src/greeter/CMakeFiles/sddm-greeter.dir/waylandkeyboardbackend.cpp.o
[ 69%] Building CXX object src/greeter/CMakeFiles/sddm-greeter.dir/XcbKeyboardBackend.cpp.o
[ 70%] Building CXX object src/greeter/CMakeFiles/sddm-greeter.dir/qrc_theme.cpp.o
[ 70%] Linking CXX executable sddm-greeter
[ 70%] Built target sddm-greeter
[ 71%] Automatic MOC for target sddm-helper
[ 71%] Built target sddm-helper_autogen
[ 72%] Building CXX object src/helper/CMakeFiles/sddm-helper.dir/sddm-helper_autogen/mocs_compilation.cpp.o
[ 72%] Building CXX object src/helper/CMakeFiles/sddm-helper.dir/__/common/Configuration.cpp.o
[ 73%] Building CXX object src/helper/CMakeFiles/sddm-helper.dir/__/common/ConfigReader.cpp.o
[ 73%] Building CXX object src/helper/CMakeFiles/sddm-helper.dir/__/common/SafeDataStream.cpp.o
[ 74%] Building CXX object src/helper/CMakeFiles/sddm-helper.dir/__/common/XAuth.cpp.o
[ 75%] Building CXX object src/helper/CMakeFiles/sddm-helper.dir/__/common/SignalHandler.cpp.o
[ 75%] Building CXX object src/helper/CMakeFiles/sddm-helper.dir/__/auth/Auth.cpp.o
[ 76%] Building CXX object src/helper/CMakeFiles/sddm-helper.dir/__/auth/AuthRequest.cpp.o
[ 76%] Building CXX object src/helper/CMakeFiles/sddm-helper.dir/__/auth/AuthPrompt.cpp.o
[ 77%] Building CXX object src/helper/CMakeFiles/sddm-helper.dir/Backend.cpp.o
[ 78%] Building CXX object src/helper/CMakeFiles/sddm-helper.dir/HelperApp.cpp.o
[ 78%] Building CXX object src/helper/CMakeFiles/sddm-helper.dir/UserSession.cpp.o
[ 79%] Building CXX object src/helper/CMakeFiles/sddm-helper.dir/__/common/VirtualTerminal.cpp.o
[ 79%] Building CXX object src/helper/CMakeFiles/sddm-helper.dir/backend/PamHandle.cpp.o
[ 80%] Building CXX object src/helper/CMakeFiles/sddm-helper.dir/backend/PamBackend.cpp.o
[ 81%] Linking CXX executable sddm-helper
[ 81%] Built target sddm-helper
[ 82%] Automatic MOC for target sddm-helper-start-wayland
[ 82%] Built target sddm-helper-start-wayland_autogen
[ 82%] Building CXX object src/helper/CMakeFiles/sddm-helper-start-wayland.dir/sddm-helper-start-wayland_autogen/mocs_compilation.cpp.o
[ 83%] Building CXX object src/helper/CMakeFiles/sddm-helper-start-wayland.dir/HelperStartWayland.cpp.o
[ 83%] Building CXX object src/helper/CMakeFiles/sddm-helper-start-wayland.dir/waylandsocketwatcher.cpp.o
[ 84%] Building CXX object src/helper/CMakeFiles/sddm-helper-start-wayland.dir/waylandhelper.cpp.o
[ 85%] Building CXX object src/helper/CMakeFiles/sddm-helper-start-wayland.dir/__/common/SignalHandler.cpp.o
[ 85%] Linking CXX executable sddm-helper-start-wayland
[ 85%] Built target sddm-helper-start-wayland
[ 85%] Automatic MOC for target sddm-helper-start-x11user
[ 85%] Built target sddm-helper-start-x11user_autogen
[ 85%] Building CXX object src/helper/CMakeFiles/sddm-helper-start-x11user.dir/sddm-helper-start-x11user_autogen/mocs_compilation.cpp.o
[ 86%] Building CXX object src/helper/CMakeFiles/sddm-helper-start-x11user.dir/HelperStartX11User.cpp.o
[ 87%] Building CXX object src/helper/CMakeFiles/sddm-helper-start-x11user.dir/xorguserhelper.cpp.o
[ 87%] Building CXX object src/helper/CMakeFiles/sddm-helper-start-x11user.dir/__/common/ConfigReader.cpp.o
[ 88%] Building CXX object src/helper/CMakeFiles/sddm-helper-start-x11user.dir/__/common/Configuration.cpp.o
[ 88%] Building CXX object src/helper/CMakeFiles/sddm-helper-start-x11user.dir/__/common/XAuth.cpp.o
[ 89%] Building CXX object src/helper/CMakeFiles/sddm-helper-start-x11user.dir/__/common/SignalHandler.cpp.o
[ 90%] Linking CXX executable sddm-helper-start-x11user
[ 90%] Built target sddm-helper-start-x11user
[ 91%] Automatic MOC for target ConfigurationTest
[ 91%] Built target ConfigurationTest_autogen
[ 91%] Building CXX object test/CMakeFiles/ConfigurationTest.dir/ConfigurationTest_autogen/mocs_compilation.cpp.o
[ 92%] Building CXX object test/CMakeFiles/ConfigurationTest.dir/ConfigurationTest.cpp.o
[ 92%] Building CXX object test/CMakeFiles/ConfigurationTest.dir/__/src/common/ConfigReader.cpp.o
[ 93%] Linking CXX executable ConfigurationTest
[ 93%] Built target ConfigurationTest
[ 94%] Automatic MOC for target QMLThemeConfigTest
[ 94%] Built target QMLThemeConfigTest_autogen
[ 94%] Building CXX object test/CMakeFiles/QMLThemeConfigTest.dir/QMLThemeConfigTest_autogen/mocs_compilation.cpp.o
[ 95%] Building CXX object test/CMakeFiles/QMLThemeConfigTest.dir/QMLThemeConfigTest.cpp.o
[ 95%] Building CXX object test/CMakeFiles/QMLThemeConfigTest.dir/__/src/common/ThemeConfig.cpp.o
[ 96%] Linking CXX executable QMLThemeConfigTest
[ 96%] Built target QMLThemeConfigTest
[ 97%] Automatic MOC for target SessionTest
[ 97%] Built target SessionTest_autogen
[ 97%] Building CXX object test/CMakeFiles/SessionTest.dir/SessionTest_autogen/mocs_compilation.cpp.o
[ 98%] Building CXX object test/CMakeFiles/SessionTest.dir/SessionTest.cpp.o
[ 98%] Building CXX object test/CMakeFiles/SessionTest.dir/__/src/common/Configuration.cpp.o
[ 99%] Building CXX object test/CMakeFiles/SessionTest.dir/__/src/common/ConfigReader.cpp.o
[100%] Building CXX object test/CMakeFiles/SessionTest.dir/__/src/common/Session.cpp.o
[100%] Linking CXX executable SessionTest
[100%] Built target SessionTest
==> Entering fakeroot environment...
==> Starting package()...
-- Install configuration: "Release"
-- Installing: /home/pasha/.cache/yay/sddm-git/pkg/sddm-git/usr/lib/qt/qml/SddmComponents
-- Installing: /home/pasha/.cache/yay/sddm-git/pkg/sddm-git/usr/lib/qt/qml/SddmComponents/PictureBox.qml
-- Installing: /home/pasha/.cache/yay/sddm-git/pkg/sddm-git/usr/lib/qt/qml/SddmComponents/PasswordBox.qml
-- Installing: /home/pasha/.cache/yay/sddm-git/pkg/sddm-git/usr/lib/qt/qml/SddmComponents/Button.qml
-- Installing: /home/pasha/.cache/yay/sddm-git/pkg/sddm-git/usr/lib/qt/qml/SddmComponents/ImageButton.qml
-- Installing: /home/pasha/.cache/yay/sddm-git/pkg/sddm-git/usr/lib/qt/qml/SddmComponents/Background.qml
-- Installing: /home/pasha/.cache/yay/sddm-git/pkg/sddm-git/usr/lib/qt/qml/SddmComponents/TextBox.qml
-- Installing: /home/pasha/.cache/yay/sddm-git/pkg/sddm-git/usr/lib/qt/qml/SddmComponents/ComboBox.qml
-- Installing: /home/pasha/.cache/yay/sddm-git/pkg/sddm-git/usr/lib/qt/qml/SddmComponents/Menu.qml
-- Installing: /home/pasha/.cache/yay/sddm-git/pkg/sddm-git/usr/lib/qt/qml/SddmComponents/Clock.qml
-- Up-to-date: /home/pasha/.cache/yay/sddm-git/pkg/sddm-git/usr/lib/qt/qml/SddmComponents
-- Installing: /home/pasha/.cache/yay/sddm-git/pkg/sddm-git/usr/lib/qt/qml/SddmComponents/warning.png
-- Installing: /home/pasha/.cache/yay/sddm-git/pkg/sddm-git/usr/lib/qt/qml/SddmComponents/TextConstants.qml
-- Installing: /home/pasha/.cache/yay/sddm-git/pkg/sddm-git/usr/lib/qt/qml/SddmComponents/qmldir
-- Up-to-date: /home/pasha/.cache/yay/sddm-git/pkg/sddm-git/usr/lib/qt/qml/SddmComponents
-- Installing: /home/pasha/.cache/yay/sddm-git/pkg/sddm-git/usr/lib/qt/qml/SddmComponents/LayoutBox.qml
-- Installing: /home/pasha/.cache/yay/sddm-git/pkg/sddm-git/usr/share/sddm/flags
-- Installing: /home/pasha/.cache/yay/sddm-git/pkg/sddm-git/usr/share/sddm/flags/ae.png
-- Installing: /home/pasha/.cache/yay/sddm-git/pkg/sddm-git/usr/share/sddm/flags/jo.png
-- Installing: /home/pasha/.cache/yay/sddm-git/pkg/sddm-git/usr/share/sddm/flags/sd.png
-- Installing: /home/pasha/.cache/yay/sddm-git/pkg/sddm-git/usr/share/sddm/flags/om.png
-- Installing: /home/pasha/.cache/yay/sddm-git/pkg/sddm-git/usr/share/sddm/flags/lt.png
-- Installing: /home/pasha/.cache/yay/sddm-git/pkg/sddm-git/usr/share/sddm/flags/se.png
-- Installing: /home/pasha/.cache/yay/sddm-git/pkg/sddm-git/usr/share/sddm/flags/is.png
-- Installing: /home/pasha/.cache/yay/sddm-git/pkg/sddm-git/usr/share/sddm/flags/uy.png
-- Installing: /home/pasha/.cache/yay/sddm-git/pkg/sddm-git/usr/share/sddm/flags/am.png
-- Installing: /home/pasha/.cache/yay/sddm-git/pkg/sddm-git/usr/share/sddm/flags/pl.png
-- Installing: /home/pasha/.cache/yay/sddm-git/pkg/sddm-git/usr/share/sddm/flags/gb.png
-- Installing: /home/pasha/.cache/yay/sddm-git/pkg/sddm-git/usr/share/sddm/flags/bh.png
-- Installing: /home/pasha/.cache/yay/sddm-git/pkg/sddm-git/usr/share/sddm/flags/cz.png
-- Installing: /home/pasha/.cache/yay/sddm-git/pkg/sddm-git/usr/share/sddm/flags/dk.png
-- Installing: /home/pasha/.cache/yay/sddm-git/pkg/sddm-git/usr/share/sddm/flags/zz.png
-- Installing: /home/pasha/.cache/yay/sddm-git/pkg/sddm-git/usr/share/sddm/flags/pt.png
-- Installing: /home/pasha/.cache/yay/sddm-git/pkg/sddm-git/usr/share/sddm/flags/jp.png
-- Installing: /home/pasha/.cache/yay/sddm-git/pkg/sddm-git/usr/share/sddm/flags/hr.png
-- Installing: /home/pasha/.cache/yay/sddm-git/pkg/sddm-git/usr/share/sddm/flags/ee.png
-- Installing: /home/pasha/.cache/yay/sddm-git/pkg/sddm-git/usr/share/sddm/flags/at.png
-- Installing: /home/pasha/.cache/yay/sddm-git/pkg/sddm-git/usr/share/sddm/flags/vn.png
-- Installing: /home/pasha/.cache/yay/sddm-git/pkg/sddm-git/usr/share/sddm/flags/un.png
-- Installing: /home/pasha/.cache/yay/sddm-git/pkg/sddm-git/usr/share/sddm/flags/dj.png
-- Installing: /home/pasha/.cache/yay/sddm-git/pkg/sddm-git/usr/share/sddm/flags/uk.png
-- Installing: /home/pasha/.cache/yay/sddm-git/pkg/sddm-git/usr/share/sddm/flags/sk.png
-- Installing: /home/pasha/.cache/yay/sddm-git/pkg/sddm-git/usr/share/sddm/flags/yu.png
-- Installing: /home/pasha/.cache/yay/sddm-git/pkg/sddm-git/usr/share/sddm/flags/iq.png
-- Installing: /home/pasha/.cache/yay/sddm-git/pkg/sddm-git/usr/share/sddm/flags/fr.png
-- Installing: /home/pasha/.cache/yay/sddm-git/pkg/sddm-git/usr/share/sddm/flags/be.png
-- Installing: /home/pasha/.cache/yay/sddm-git/pkg/sddm-git/usr/share/sddm/flags/ar.png
-- Installing: /home/pasha/.cache/yay/sddm-git/pkg/sddm-git/usr/share/sddm/flags/in.png
-- Installing: /home/pasha/.cache/yay/sddm-git/pkg/sddm-git/usr/share/sddm/flags/cu.png
-- Installing: /home/pasha/.cache/yay/sddm-git/pkg/sddm-git/usr/share/sddm/flags/ro.png
-- Installing: /home/pasha/.cache/yay/sddm-git/pkg/sddm-git/usr/share/sddm/flags/nl.png
-- Installing: /home/pasha/.cache/yay/sddm-git/pkg/sddm-git/usr/share/sddm/flags/mx.png
-- Installing: /home/pasha/.cache/yay/sddm-git/pkg/sddm-git/usr/share/sddm/flags/sy.png
-- Installing: /home/pasha/.cache/yay/sddm-git/pkg/sddm-git/usr/share/sddm/flags/ch.png
-- Installing: /home/pasha/.cache/yay/sddm-git/pkg/sddm-git/usr/share/sddm/flags/so.png
-- Installing: /home/pasha/.cache/yay/sddm-git/pkg/sddm-git/usr/share/sddm/flags/no.png
-- Installing: /home/pasha/.cache/yay/sddm-git/pkg/sddm-git/usr/share/sddm/flags/by.png
-- Installing: /home/pasha/.cache/yay/sddm-git/pkg/sddm-git/usr/share/sddm/flags/eg.png
-- Installing: /home/pasha/.cache/yay/sddm-git/pkg/sddm-git/usr/share/sddm/flags/az.png
-- Installing: /home/pasha/.cache/yay/sddm-git/pkg/sddm-git/usr/share/sddm/flags/bd.png
-- Installing: /home/pasha/.cache/yay/sddm-git/pkg/sddm-git/usr/share/sddm/flags/ru.png
-- Installing: /home/pasha/.cache/yay/sddm-git/pkg/sddm-git/usr/share/sddm/flags/ma.png
-- Installing: /home/pasha/.cache/yay/sddm-git/pkg/sddm-git/usr/share/sddm/flags/kr.png
-- Installing: /home/pasha/.cache/yay/sddm-git/pkg/sddm-git/usr/share/sddm/flags/ye.png
-- Installing: /home/pasha/.cache/yay/sddm-git/pkg/sddm-git/usr/share/sddm/flags/gr.png
-- Installing: /home/pasha/.cache/yay/sddm-git/pkg/sddm-git/usr/share/sddm/flags/ca.png
-- Installing: /home/pasha/.cache/yay/sddm-git/pkg/sddm-git/usr/share/sddm/flags/us.png
-- Installing: /home/pasha/.cache/yay/sddm-git/pkg/sddm-git/usr/share/sddm/flags/mn.png
-- Installing: /home/pasha/.cache/yay/sddm-git/pkg/sddm-git/usr/share/sddm/flags/ps.png
-- Installing: /home/pasha/.cache/yay/sddm-git/pkg/sddm-git/usr/share/sddm/flags/qa.png
-- Installing: /home/pasha/.cache/yay/sddm-git/pkg/sddm-git/usr/share/sddm/flags/ge.png
-- Installing: /home/pasha/.cache/yay/sddm-git/pkg/sddm-git/usr/share/sddm/flags/km.png
-- Installing: /home/pasha/.cache/yay/sddm-git/pkg/sddm-git/usr/share/sddm/flags/si.png
-- Installing: /home/pasha/.cache/yay/sddm-git/pkg/sddm-git/usr/share/sddm/flags/es.png
-- Installing: /home/pasha/.cache/yay/sddm-git/pkg/sddm-git/usr/share/sddm/flags/kw.png
-- Installing: /home/pasha/.cache/yay/sddm-git/pkg/sddm-git/usr/share/sddm/flags/eu.png
-- Installing: /home/pasha/.cache/yay/sddm-git/pkg/sddm-git/usr/share/sddm/flags/sr.png
-- Installing: /home/pasha/.cache/yay/sddm-git/pkg/sddm-git/usr/share/sddm/flags/dz.png
-- Installing: /home/pasha/.cache/yay/sddm-git/pkg/sddm-git/usr/share/sddm/flags/tr.png
-- Installing: /home/pasha/.cache/yay/sddm-git/pkg/sddm-git/usr/share/sddm/flags/ua.png
-- Installing: /home/pasha/.cache/yay/sddm-git/pkg/sddm-git/usr/share/sddm/flags/qc.png
-- Installing: /home/pasha/.cache/yay/sddm-git/pkg/sddm-git/usr/share/sddm/flags/fi.png
-- Installing: /home/pasha/.cache/yay/sddm-git/pkg/sddm-git/usr/share/sddm/flags/bg.png
-- Installing: /home/pasha/.cache/yay/sddm-git/pkg/sddm-git/usr/share/sddm/flags/de.png
-- Installing: /home/pasha/.cache/yay/sddm-git/pkg/sddm-git/usr/share/sddm/flags/ly.png
-- Installing: /home/pasha/.cache/yay/sddm-git/pkg/sddm-git/usr/share/sddm/flags/lb.png
-- Installing: /home/pasha/.cache/yay/sddm-git/pkg/sddm-git/usr/share/sddm/flags/tn.png
-- Installing: /home/pasha/.cache/yay/sddm-git/pkg/sddm-git/usr/share/sddm/flags/hu.png
-- Installing: /home/pasha/.cache/yay/sddm-git/pkg/sddm-git/usr/share/sddm/flags/br.png
-- Installing: /home/pasha/.cache/yay/sddm-git/pkg/sddm-git/usr/share/sddm/flags/th.png
-- Installing: /home/pasha/.cache/yay/sddm-git/pkg/sddm-git/usr/share/sddm/flags/mk.png
-- Installing: /home/pasha/.cache/yay/sddm-git/pkg/sddm-git/usr/share/sddm/flags/it.png
-- Installing: /home/pasha/.cache/yay/sddm-git/pkg/sddm-git/usr/share/sddm/flags/il.png
-- Installing: /home/pasha/.cache/yay/sddm-git/pkg/sddm-git/usr/share/sddm/flags/la.png
-- Installing: /home/pasha/.cache/yay/sddm-git/pkg/sddm-git/usr/share/sddm/flags/sa.png
-- Installing: /home/pasha/.cache/yay/sddm-git/pkg/sddm-git/usr/share/sddm/flags/lv.png
-- Installing: /home/pasha/.cache/yay/sddm-git/pkg/sddm-git/usr/share/dbus-1/system.d/sddm_org.freedesktop.DisplayManager.conf
-- Installing: /home/pasha/.cache/yay/sddm-git/pkg/sddm-git/usr/share/sddm/faces/root.face.icon
-- Installing: /home/pasha/.cache/yay/sddm-git/pkg/sddm-git/usr/share/sddm/faces/.face.icon
-- Installing: /home/pasha/.cache/yay/sddm-git/pkg/sddm-git/usr/share/sddm/scripts/Xsession
-- Installing: /home/pasha/.cache/yay/sddm-git/pkg/sddm-git/usr/share/sddm/scripts/Xsetup
-- Installing: /home/pasha/.cache/yay/sddm-git/pkg/sddm-git/usr/share/sddm/scripts/Xstop
-- Installing: /home/pasha/.cache/yay/sddm-git/pkg/sddm-git/usr/share/sddm/scripts/wayland-session
-- Installing: /home/pasha/.cache/yay/sddm-git/pkg/sddm-git/usr/share/man/man1/sddm.1
-- Installing: /home/pasha/.cache/yay/sddm-git/pkg/sddm-git/usr/share/man/man1/sddm-greeter.1
-- Installing: /home/pasha/.cache/yay/sddm-git/pkg/sddm-git/usr/share/man/man5/sddm.conf.5
-- Installing: /home/pasha/.cache/yay/sddm-git/pkg/sddm-git/usr/share/man/man5/sddm-state.conf.5
-- Installing: /home/pasha/.cache/yay/sddm-git/pkg/sddm-git/usr/share/sddm/themes/elarun
-- Installing: /home/pasha/.cache/yay/sddm-git/pkg/sddm-git/usr/share/sddm/themes/elarun/README
-- Installing: /home/pasha/.cache/yay/sddm-git/pkg/sddm-git/usr/share/sddm/themes/elarun/theme.conf
-- Installing: /home/pasha/.cache/yay/sddm-git/pkg/sddm-git/usr/share/sddm/themes/elarun/metadata.desktop
-- Installing: /home/pasha/.cache/yay/sddm-git/pkg/sddm-git/usr/share/sddm/themes/elarun/elarun.jpg
-- Installing: /home/pasha/.cache/yay/sddm-git/pkg/sddm-git/usr/share/sddm/themes/elarun/angle-down.png
-- Installing: /home/pasha/.cache/yay/sddm-git/pkg/sddm-git/usr/share/sddm/themes/elarun/Main.qml
-- Installing: /home/pasha/.cache/yay/sddm-git/pkg/sddm-git/usr/share/sddm/themes/elarun/images
-- Installing: /home/pasha/.cache/yay/sddm-git/pkg/sddm-git/usr/share/sddm/themes/elarun/images/login_normal.png
-- Installing: /home/pasha/.cache/yay/sddm-git/pkg/sddm-git/usr/share/sddm/themes/elarun/images/lock.png
-- Installing: /home/pasha/.cache/yay/sddm-git/pkg/sddm-git/usr/share/sddm/themes/elarun/images/rectangle.png
-- Installing: /home/pasha/.cache/yay/sddm-git/pkg/sddm-git/usr/share/sddm/themes/elarun/images/system_suspend.png
-- Installing: /home/pasha/.cache/yay/sddm-git/pkg/sddm-git/usr/share/sddm/themes/elarun/images/rectangle_overlay.png
-- Installing: /home/pasha/.cache/yay/sddm-git/pkg/sddm-git/usr/share/sddm/themes/elarun/images/background.png
-- Installing: /home/pasha/.cache/yay/sddm-git/pkg/sddm-git/usr/share/sddm/themes/elarun/images/login_active.png
-- Installing: /home/pasha/.cache/yay/sddm-git/pkg/sddm-git/usr/share/sddm/themes/elarun/images/session_normal.png
-- Installing: /home/pasha/.cache/yay/sddm-git/pkg/sddm-git/usr/share/sddm/themes/elarun/images/system_shutdown.png
-- Installing: /home/pasha/.cache/yay/sddm-git/pkg/sddm-git/usr/share/sddm/themes/elarun/images/system_hibernate.png
-- Installing: /home/pasha/.cache/yay/sddm-git/pkg/sddm-git/usr/share/sddm/themes/elarun/images/user_icon.png
-- Installing: /home/pasha/.cache/yay/sddm-git/pkg/sddm-git/usr/share/sddm/themes/elarun/images/system_switch_user.png
-- Installing: /home/pasha/.cache/yay/sddm-git/pkg/sddm-git/usr/share/sddm/themes/elarun/images/system_reboot.png
-- Installing: /home/pasha/.cache/yay/sddm-git/pkg/sddm-git/usr/share/sddm/themes/maldives
-- Installing: /home/pasha/.cache/yay/sddm-git/pkg/sddm-git/usr/share/sddm/themes/maldives/README
-- Installing: /home/pasha/.cache/yay/sddm-git/pkg/sddm-git/usr/share/sddm/themes/maldives/theme.conf
-- Installing: /home/pasha/.cache/yay/sddm-git/pkg/sddm-git/usr/share/sddm/themes/maldives/metadata.desktop
-- Installing: /home/pasha/.cache/yay/sddm-git/pkg/sddm-git/usr/share/sddm/themes/maldives/rectangle.png
-- Installing: /home/pasha/.cache/yay/sddm-git/pkg/sddm-git/usr/share/sddm/themes/maldives/angle-down.png
-- Installing: /home/pasha/.cache/yay/sddm-git/pkg/sddm-git/usr/share/sddm/themes/maldives/LICENSE
-- Installing: /home/pasha/.cache/yay/sddm-git/pkg/sddm-git/usr/share/sddm/themes/maldives/maldives.jpg
-- Installing: /home/pasha/.cache/yay/sddm-git/pkg/sddm-git/usr/share/sddm/themes/maldives/background.jpg
-- Installing: /home/pasha/.cache/yay/sddm-git/pkg/sddm-git/usr/share/sddm/themes/maldives/Main.qml
-- Installing: /home/pasha/.cache/yay/sddm-git/pkg/sddm-git/usr/share/sddm/themes/maya
-- Installing: /home/pasha/.cache/yay/sddm-git/pkg/sddm-git/usr/share/sddm/themes/maya/README
-- Installing: /home/pasha/.cache/yay/sddm-git/pkg/sddm-git/usr/share/sddm/themes/maya/theme.conf
-- Installing: /home/pasha/.cache/yay/sddm-git/pkg/sddm-git/usr/share/sddm/themes/maya/metadata.desktop
-- Installing: /home/pasha/.cache/yay/sddm-git/pkg/sddm-git/usr/share/sddm/themes/maya/components
-- Installing: /home/pasha/.cache/yay/sddm-git/pkg/sddm-git/usr/share/sddm/themes/maya/components/SpButton.qml
-- Installing: /home/pasha/.cache/yay/sddm-git/pkg/sddm-git/usr/share/sddm/themes/maya/components/SpClock.qml
-- Installing: /home/pasha/.cache/yay/sddm-git/pkg/sddm-git/usr/share/sddm/themes/maya/fonts
-- Installing: /home/pasha/.cache/yay/sddm-git/pkg/sddm-git/usr/share/sddm/themes/maya/fonts/OpenSans_CondLight.ttf
-- Installing: /home/pasha/.cache/yay/sddm-git/pkg/sddm-git/usr/share/sddm/themes/maya/LICENSE
-- Installing: /home/pasha/.cache/yay/sddm-git/pkg/sddm-git/usr/share/sddm/themes/maya/screenshots
-- Installing: /home/pasha/.cache/yay/sddm-git/pkg/sddm-git/usr/share/sddm/themes/maya/screenshots/hi_IN.png
-- Installing: /home/pasha/.cache/yay/sddm-git/pkg/sddm-git/usr/share/sddm/themes/maya/Main.qml
-- Installing: /home/pasha/.cache/yay/sddm-git/pkg/sddm-git/usr/share/sddm/themes/maya/images
-- Installing: /home/pasha/.cache/yay/sddm-git/pkg/sddm-git/usr/share/sddm/themes/maya/images/ic_power_settings_new_white_24px.svg
-- Installing: /home/pasha/.cache/yay/sddm-git/pkg/sddm-git/usr/share/sddm/themes/maya/images/ic_arrow_drop_down_white_24px.svg
-- Installing: /home/pasha/.cache/yay/sddm-git/pkg/sddm-git/usr/share/sddm/themes/maya/images/ic_refresh_white_24px.svg
-- Installing: /home/pasha/.cache/yay/sddm-git/pkg/sddm-git/usr/share/sddm/themes/maya/images/ic_warning_white_24px.svg
-- Installing: /home/pasha/.cache/yay/sddm-git/pkg/sddm-git/usr/share/sddm/translations/ar.qm
-- Installing: /home/pasha/.cache/yay/sddm-git/pkg/sddm-git/usr/share/sddm/translations/bn.qm
-- Installing: /home/pasha/.cache/yay/sddm-git/pkg/sddm-git/usr/share/sddm/translations/ca.qm
-- Installing: /home/pasha/.cache/yay/sddm-git/pkg/sddm-git/usr/share/sddm/translations/cs.qm
-- Installing: /home/pasha/.cache/yay/sddm-git/pkg/sddm-git/usr/share/sddm/translations/da.qm
-- Installing: /home/pasha/.cache/yay/sddm-git/pkg/sddm-git/usr/share/sddm/translations/de.qm
-- Installing: /home/pasha/.cache/yay/sddm-git/pkg/sddm-git/usr/share/sddm/translations/es.qm
-- Installing: /home/pasha/.cache/yay/sddm-git/pkg/sddm-git/usr/share/sddm/translations/et.qm
-- Installing: /home/pasha/.cache/yay/sddm-git/pkg/sddm-git/usr/share/sddm/translations/eu.qm
-- Installing: /home/pasha/.cache/yay/sddm-git/pkg/sddm-git/usr/share/sddm/translations/fi.qm
-- Installing: /home/pasha/.cache/yay/sddm-git/pkg/sddm-git/usr/share/sddm/translations/fr.qm
-- Installing: /home/pasha/.cache/yay/sddm-git/pkg/sddm-git/usr/share/sddm/translations/gl.qm
-- Installing: /home/pasha/.cache/yay/sddm-git/pkg/sddm-git/usr/share/sddm/translations/hi_IN.qm
-- Installing: /home/pasha/.cache/yay/sddm-git/pkg/sddm-git/usr/share/sddm/translations/he.qm
-- Installing: /home/pasha/.cache/yay/sddm-git/pkg/sddm-git/usr/share/sddm/translations/hu.qm
-- Installing: /home/pasha/.cache/yay/sddm-git/pkg/sddm-git/usr/share/sddm/translations/ie.qm
-- Installing: /home/pasha/.cache/yay/sddm-git/pkg/sddm-git/usr/share/sddm/translations/is.qm
-- Installing: /home/pasha/.cache/yay/sddm-git/pkg/sddm-git/usr/share/sddm/translations/it.qm
-- Installing: /home/pasha/.cache/yay/sddm-git/pkg/sddm-git/usr/share/sddm/translations/ja.qm
-- Installing: /home/pasha/.cache/yay/sddm-git/pkg/sddm-git/usr/share/sddm/translations/ka.qm
-- Installing: /home/pasha/.cache/yay/sddm-git/pkg/sddm-git/usr/share/sddm/translations/kk.qm
-- Installing: /home/pasha/.cache/yay/sddm-git/pkg/sddm-git/usr/share/sddm/translations/ko.qm
-- Installing: /home/pasha/.cache/yay/sddm-git/pkg/sddm-git/usr/share/sddm/translations/lt.qm
-- Installing: /home/pasha/.cache/yay/sddm-git/pkg/sddm-git/usr/share/sddm/translations/lv.qm
-- Installing: /home/pasha/.cache/yay/sddm-git/pkg/sddm-git/usr/share/sddm/translations/nb.qm
-- Installing: /home/pasha/.cache/yay/sddm-git/pkg/sddm-git/usr/share/sddm/translations/nl.qm
-- Installing: /home/pasha/.cache/yay/sddm-git/pkg/sddm-git/usr/share/sddm/translations/nn.qm
-- Installing: /home/pasha/.cache/yay/sddm-git/pkg/sddm-git/usr/share/sddm/translations/oc.qm
-- Installing: /home/pasha/.cache/yay/sddm-git/pkg/sddm-git/usr/share/sddm/translations/pl.qm
-- Installing: /home/pasha/.cache/yay/sddm-git/pkg/sddm-git/usr/share/sddm/translations/pt_BR.qm
-- Installing: /home/pasha/.cache/yay/sddm-git/pkg/sddm-git/usr/share/sddm/translations/pt_PT.qm
-- Installing: /home/pasha/.cache/yay/sddm-git/pkg/sddm-git/usr/share/sddm/translations/ro.qm
-- Installing: /home/pasha/.cache/yay/sddm-git/pkg/sddm-git/usr/share/sddm/translations/ru.qm
-- Installing: /home/pasha/.cache/yay/sddm-git/pkg/sddm-git/usr/share/sddm/translations/sk.qm
-- Installing: /home/pasha/.cache/yay/sddm-git/pkg/sddm-git/usr/share/sddm/translations/sr.qm
-- Installing: /home/pasha/.cache/yay/sddm-git/pkg/sddm-git/usr/share/sddm/translations/sr@ijekavian.qm
-- Installing: /home/pasha/.cache/yay/sddm-git/pkg/sddm-git/usr/share/sddm/translations/sr@ijekavianlatin.qm
-- Installing: /home/pasha/.cache/yay/sddm-git/pkg/sddm-git/usr/share/sddm/translations/sr@latin.qm
-- Installing: /home/pasha/.cache/yay/sddm-git/pkg/sddm-git/usr/share/sddm/translations/sv.qm
-- Installing: /home/pasha/.cache/yay/sddm-git/pkg/sddm-git/usr/share/sddm/translations/tr.qm
-- Installing: /home/pasha/.cache/yay/sddm-git/pkg/sddm-git/usr/share/sddm/translations/uk.qm
-- Installing: /home/pasha/.cache/yay/sddm-git/pkg/sddm-git/usr/share/sddm/translations/zh_CN.qm
-- Installing: /home/pasha/.cache/yay/sddm-git/pkg/sddm-git/usr/share/sddm/translations/zh_TW.qm
-- Installing: /home/pasha/.cache/yay/sddm-git/pkg/sddm-git/usr/lib/systemd/system/sddm.service
-- Installing: /home/pasha/.cache/yay/sddm-git/pkg/sddm-git/usr/lib/sysusers.d/sddm.conf
-- Installing: /home/pasha/.cache/yay/sddm-git/pkg/sddm-git/usr/lib/tmpfiles.d/sddm.conf
-- Installing: /home/pasha/.cache/yay/sddm-git/pkg/sddm-git/etc/pam.d/sddm-autologin
-- Installing: /home/pasha/.cache/yay/sddm-git/pkg/sddm-git/etc/pam.d/sddm
-- Installing: /home/pasha/.cache/yay/sddm-git/pkg/sddm-git/etc/pam.d/sddm-greeter
-- Installing: /home/pasha/.cache/yay/sddm-git/pkg/sddm-git/usr/bin/sddm
-- Installing: /home/pasha/.cache/yay/sddm-git/pkg/sddm-git/usr/bin/sddm-greeter
-- Installing: /home/pasha/.cache/yay/sddm-git/pkg/sddm-git/usr/lib/sddm/sddm-helper
-- Installing: /home/pasha/.cache/yay/sddm-git/pkg/sddm-git/usr/lib/sddm/sddm-helper-start-wayland
-- Installing: /home/pasha/.cache/yay/sddm-git/pkg/sddm-git/usr/lib/sddm/sddm-helper-start-x11user
==> Tidying install...
  -> Removing libtool files...
  -> Purging unwanted files...
  -> Removing static library files...
  -> Stripping unneeded symbols from binaries and libraries...
  -> Compressing man and info pages...
==> Checking for packaging issues...
==> Creating package "sddm-git"...
  -> Generating .PKGINFO file...
  -> Generating .BUILDINFO file...
  -> Generating .MTREE file...
  -> Compressing package...
==> Leaving fakeroot environment.
==> Finished making: sddm-git 0.20.0.12.g93429ff-1 (Sun Sep 17 23:31:21 2023)
==> Cleaning up...
loading packages...
resolving dependencies...
looking for conflicting packages...

Packages (1) sddm-git-0.20.0.12.g93429ff-1

Total Installed Size:  5.03 MiB

:: Proceed with installation? [Y/n] 
checking keyring...
checking package integrity...
loading package files...
checking for file conflicts...
checking available disk space...
:: Processing package changes...
installing sddm-git...
:: Running post-transaction hooks...
(1/5) Creating system user accounts...
Creating group 'sddm' with GID 967.
Creating user 'sddm' (Simple Desktop Display Manager) with UID 967 and GID 967.
(2/5) Reloading system manager configuration...
(3/5) Creating temporary files...
(4/5) Arming ConditionNeedsUpdate...
(5/5) Reloading system bus configuration...
Sync Explicit (1): qt5-svg-5.15.10+kde+r8-1
resolving dependencies...
looking for conflicting packages...

Packages (1) qt5-svg-5.15.10+kde+r8-1

Total Download Size:   0.15 MiB
Total Installed Size:  0.49 MiB

:: Proceed with installation? [Y/n] 
:: Retrieving packages...
 qt5-svg-5.15.10+kde+r8-1-x86_64 downloading...
checking keyring...
checking package integrity...
loading package files...
checking for file conflicts...
checking available disk space...
:: Processing package changes...
installing qt5-svg...
:: Running post-transaction hooks...
(1/1) Arming ConditionNeedsUpdate...
Sync Explicit (1): qt5-quickcontrols2-5.15.10+kde+r6-1
resolving dependencies...
looking for conflicting packages...

Packages (1) qt5-quickcontrols2-5.15.10+kde+r6-1

Total Download Size:   1.52 MiB
Total Installed Size:  8.73 MiB

:: Proceed with installation? [Y/n] 
:: Retrieving packages...
 qt5-quickcontrols2-5.15.10+kde+r6-1-x86_64 downloading...
checking keyring...
checking package integrity...
loading package files...
checking for file conflicts...
checking available disk space...
:: Processing package changes...
installing qt5-quickcontrols2...
Optional dependencies for qt5-quickcontrols2
    qt5-graphicaleffects: for the Material style
:: Running post-transaction hooks...
(1/1) Arming ConditionNeedsUpdate...
Sync Explicit (1): qt5-graphicaleffects-5.15.10-1
resolving dependencies...
looking for conflicting packages...

Packages (1) qt5-graphicaleffects-5.15.10-1

Total Download Size:   0.07 MiB
Total Installed Size:  0.53 MiB

:: Proceed with installation? [Y/n] 
:: Retrieving packages...
 qt5-graphicaleffects-5.15.10-1-x86_64 downloading...
checking keyring...
checking package integrity...
loading package files...
checking for file conflicts...
checking available disk space...
:: Processing package changes...
installing qt5-graphicaleffects...
:: Running post-transaction hooks...
(1/1) Arming ConditionNeedsUpdate...
Created symlink /etc/systemd/system/display-manager.service → /usr/lib/systemd/system/sddm.service.
error: target not found: xdg-desktop-portal-gnome
error: target not found: xdg-desktop-portal-gtk
 -> exit status 1
[Theme]
Current=sdt
